<?xml version="1.0" encoding="UTF-8"?>
<testsuite name="com.studyinfo.app.data.repository.ErrorRepositoryTest" tests="4" skipped="0" failures="0" errors="0" timestamp="2026-09-16T09:32:23" hostname="c-6aaa49a6-14f3c1c7-5506ffe56349" time="0.704">
  <properties/>
  <testcase name="pushPending marks SYNCED after successful remote put" classname="com.studyinfo.app.data.repository.ErrorRepositoryTest" time="0.508"/>
  <testcase name="recordReview with UNDERSTOOD sets status and schedules next review" classname="com.studyinfo.app.data.repository.ErrorRepositoryTest" time="0.178"/>
  <testcase name="pushPending hard-deletes after successful remote delete" classname="com.studyinfo.app.data.repository.ErrorRepositoryTest" time="0.013"/>
  <testcase name="add stamps entity with PENDING_CREATE sync state" classname="com.studyinfo.app.data.repository.ErrorRepositoryTest" time="0.005"/>
  <system-out><![CDATA[]]></system-out>
  <system-err><![CDATA[]]></system-err>
</testsuite>
