<?xml version="1.0" encoding="UTF-8"?>
<testsuite name="com.studyinfo.app.domain.model.EnumsTest" tests="11" skipped="0" failures="0" errors="0" timestamp="2026-09-16T09:32:24" hostname="c-6aaa49a6-14f3c1c7-5506ffe56349" time="0.034">
  <properties/>
  <testcase name="all enums round-trip via name" classname="com.studyinfo.app.domain.model.EnumsTest" time="0.003"/>
  <testcase name="MistakeType round-trips via label" classname="com.studyinfo.app.domain.model.EnumsTest" time="0.0"/>
  <testcase name="ExamType fromLabel defaults to JEE Main" classname="com.studyinfo.app.domain.model.EnumsTest" time="0.001"/>
  <testcase name="Difficulty round-trips via label" classname="com.studyinfo.app.domain.model.EnumsTest" time="0.0"/>
  <testcase name="QuestionSource fromLabel matches display name" classname="com.studyinfo.app.domain.model.EnumsTest" time="0.0"/>
  <testcase name="underscore names do not degrade to OTHER anymore" classname="com.studyinfo.app.domain.model.EnumsTest" time="0.001"/>
  <testcase name="TaskPriority weights are ascending" classname="com.studyinfo.app.domain.model.EnumsTest" time="0.0"/>
  <testcase name="fromName never throws on garbage input" classname="com.studyinfo.app.domain.model.EnumsTest" time="0.001"/>
  <testcase name="Subject fromName returns matching enum" classname="com.studyinfo.app.domain.model.EnumsTest" time="0.0"/>
  <testcase name="UnsolvedStatus fromLabel handles null" classname="com.studyinfo.app.domain.model.EnumsTest" time="0.001"/>
  <testcase name="Subject fromName returns OTHER for unknown" classname="com.studyinfo.app.domain.model.EnumsTest" time="0.0"/>
  <system-out><![CDATA[]]></system-out>
  <system-err><![CDATA[]]></system-err>
</testsuite>
