<?xml version="1.0" encoding="UTF-8"?>
<testsuite name="com.studyinfo.app.data.repository.ProgressRepositoryTest" tests="4" skipped="0" failures="0" errors="0" timestamp="2026-09-16T09:32:24" hostname="c-6aaa49a6-14f3c1c7-5506ffe56349" time="0.187">
  <properties/>
  <testcase name="setPercent updates existing entity instead of creating a new one" classname="com.studyinfo.app.data.repository.ProgressRepositoryTest" time="0.108"/>
  <testcase name="setPercent marks chapter as NOT_STARTED when set to 0" classname="com.studyinfo.app.data.repository.ProgressRepositoryTest" time="0.038"/>
  <testcase name="setPercent with explicit chapterState overrides derived state" classname="com.studyinfo.app.data.repository.ProgressRepositoryTest" time="0.026"/>
  <testcase name="setPercent clamps to 0-100 range" classname="com.studyinfo.app.data.repository.ProgressRepositoryTest" time="0.014"/>
  <system-out><![CDATA[]]></system-out>
  <system-err><![CDATA[]]></system-err>
</testsuite>
